<?xml version="1.0" encoding="utf-8"?><testsuites name="pytest tests"><testsuite name="pytest" errors="0" failures="1" skipped="0" tests="18" time="4.810" timestamp="2026-09-09T17:39:54.219314+00:00" hostname="agent-env-931e7fc4-1e49-4a0a-be80-380ffa941ad3"><testcase classname="tests.test_auth_and_core.TestCoreEndpoints" name="test_rules" time="0.549" /><testcase classname="tests.test_auth_and_core.TestMeLogout" name="test_me_with_token" time="0.626" /><testcase classname="tests.test_auth_and_core.TestCoreEndpoints" name="test_samples" time="0.108" /><testcase classname="tests.test_auth_and_core.TestMeLogout" name="test_me_without_token" time="0.160" /><testcase classname="tests.test_auth_and_core.TestCoreEndpoints" name="test_history" time="0.109" /><testcase classname="tests.test_auth_and_core.TestCoreEndpoints" name="test_presets" time="0.128" /><testcase classname="tests.test_auth_and_core.TestMeLogout" name="test_me_malformed_token" time="0.148" /><testcase classname="tests.test_auth_and_core.TestCoreEndpoints" name="test_settings" time="0.096" /><testcase classname="tests.test_auth_and_core.TestMeLogout" name="test_logout_with_token" time="0.127" /><testcase classname="tests.test_auth_and_core.TestRegister" name="test_register_new_user" time="0.386" /><testcase classname="tests.test_auth_and_core.TestMeLogout" name="test_logout_without_token" time="0.273" /><testcase classname="tests.test_auth_and_core.TestLogin" name="test_login_admin_success" time="0.326" /><testcase classname="tests.test_auth_and_core.TestRegister" name="test_register_duplicate" time="0.777" /><testcase classname="tests.test_auth_and_core.TestLogin" name="test_login_wrong_password" time="0.458" /><testcase classname="tests.test_auth_and_core.TestLogin" name="test_brute_force_lockout" time="2.134" /><testcase classname="tests.test_auth_and_core.TestRegister" name="test_register_weak_password" time="0.292" /><testcase classname="tests.test_auth_and_core.TestForgotReset" name="test_forgot_nonexistent_returns_ok" time="0.095" /><testcase classname="tests.test_auth_and_core.TestForgotReset" name="test_forgot_then_reset_flow" time="1.003"><failure message="assert 500 == 200&#10; +  where 500 = &lt;Response [500]&gt;.status_code">backend/tests/test_auth_and_core.py:146: in test_forgot_then_reset_flow
    assert r2.status_code == 200
E   assert 500 == 200
E    +  where 500 = &lt;Response [500]&gt;.status_code</failure></testcase></testsuite></testsuites>